Thinkpad T540p aka maschin

# wifi network configuration
> lspci | grep -i net
Realtek RTL8192EE PCIe, driver: r8192ee

> iw dev
Interface wlp4s0

> ip link set %interface up
> rfkill list all
> iwlist %interface scan | less

> wpa_passphrase %ssid %password > /etc/wpa_supplicant.conf

# /etc/wpa_supplicant.conf:
    network={
    	ssid="xdragon"
	psk=248b...
    }

> wpa_supplicant -B -D nl8011 -i %interface -c /etc/wpa_supplicant.conf
> iwconfig %interface

# /etc/resolv.conf.head:
    # Google DNS
    nameserver 8.8.8.8
    nameserver 8.8.4.4

> dhcpcd %interface 

# Realtek driver is unstable. Use ethernet until mature driver is available.
# wifi network configuration end

# partitioning
> fdisk /dev/sda

> mkfs.ext4 /dev/sda<n>

> mount /dev/sda2 /mnt
> mkdir /mnt/boot
> mount /dev/sda1 /mnt/boot
> mkdir /mnt/var
> mount /dev/sda3 /mnt/var
> mkdir /mnt/home
> mount /dev/sda4 /mnt/home

> lsblk /dev/sda
NAME   MAJ:MIN RM   SIZE RO TYPE MOUNTPOINT
sda      8:0    0 238.5G  0 disk 
├─sda1   8:1    0   200M  0 part /boot
├─sda2   8:2    0    40G  0 part /
├─sda3   8:3    0    16G  0 part /var
└─sda4   8:4    0 182.3G  0 part /home

# partitioning end

# install base system
> pacstrap -i /mnt base base-devel

# configure system
> genfstab -U -p /mnt >> /mnt/etc/fstab
# edit: 
/  <dump> <pass> 
        0 1
other partitions 0 2

> cp %network_config_file /mnt/etc/%network_config_file

> arch-chroot /mnt

# network configuration:
> pacman -Syy
> pacman -S iw wpa_supplicant

# old:
    # enable auto start with systemd:
        /etc/systemd/system/network.service:
        [Unit]
        Description=Network Connectivity
        Wants=network.target
        Before=network.target
        [Service]
        Type=oneshot
        RemainAfterExit=yes
        ExecStart=/sbin/ip link set dev wlan0 up
        ExecStart=/usr/sbin/wpa_supplicant -B -Dwext -i wlan0 -c /etc/wpa_supplicant.conf
        ExecStart=/sbin/dhcpcd wlan0
        [Install]
        WantedBy=multi-user.target
    > systemctl enable network.service

> nano /etc/locale.gen  # uncomment lines
> locale-gen
> echo LANG=en_US.UTF-8 > /etc/locale.conf
> export LANG=en_US.UTF-8

> pacman -S terminus-font
> nano /etc/vconsole.conf
    FONT=ter-c28n

# load video driver before any boot hooks for vconsole.conf to work:
> nano /etc/mkinitcpio.conf:
    :
    #     MODULES="piix ide_disk reiserfs"
    MODULES="i915"  ! Intel graphics
    :
    HOOKS="... consolefont"

> mkinitcpio -p linux

# time
> ln -s /usr/share/zoneinfo/Europe/Kiev /etc/localtime
> hwclock --systohc --utc

# users
# "userdel -r %user" to start over
> echo %hostname /etc/hostname
> passwd

> pacman -S zsh
> useradd -m -G wheel -s /usr/bin/zsh xbob
> passwd xbob

# change shell for root also
> chsh -s /usr/bin/zsh

# uncomment %wheel ALL=(ALL) ALL
> EDITOR=nano visudo

# bootloader:
> pacman -S grub
> grub-install --target=i386-pc --recheck /dev/sda
> grub-mkconfig -o /boot/grub/grub.cfg

# install base system end

> exit
> umount /mnt/{boot,var,home}
> umount /mnt
> reboot now  # remove installation media!


# SSD
> systemctl enable fstrim.timer
> echo noop > /sys/block/sda/queue/scheduler

# uncomment multilib
> sudo nano /etc/pacman.conf

# X server:
> pacman -S xf86-video-intel mesa lib32-mesa-libgl
> pacman -S xorg-server xorg-xinit xorg-server-utils


# desktop environment:
# configure .Xresources for HiDPI screen
# install ttf fonts (dejavu, droid, inconsolata, ubuntu-font-family, adobe-source-code-pro, ttf-junicode(medieval fonts))
# install firefox
    install gst-libav gst-plugins-good for H.264 support
    shumway extension for flash
    about:config:
        set media.mediasource.enabled parameter (video playback)
        HiDPI support: set layout.css.devPixelsPerPx to 2
# configure zsh
# install yaourt
    install abs
    chown /var/abs/local/
# install reflector to update pacman mirrors list
# install Apple ttf-mac-fonts from AUR
# install gnome core packages, gnome terminal, tweak tool




# pacman -S xterm

! configure keyboard in X
make config file (keyboard layouts, disable CAPS_lock):
/etc/X11/xorg.conf.d/90-keyboard.conf  ! X applies config by number, less first


# install NTP (Network Time Protocol) service and configure NTP daemon
# ntp or chrony
> pacman -S chrony
# /etc/chrony.conf:
    :
    server 0.europe.pool.ntp.org minpoll 8
    server 1.europe.pool.ntp.org minpoll 8
    server 2.europe.pool.ntp.org minpoll 8
    server 3.europe.pool.ntp.org minpoll 8

> systemctl enable chrony.service
> timedatectl status  # after reboot


sound:
-----
$ pacman -S alsa-utils
$ reboot
$ alsamixer  # unmute
$ speaker-test -c 2  # may need reboot


! set PACKAGER var in /etc/makepkg.conf to identify pckgs built by user
dwm:
---
# pacman -S abs  ! Arch Build System
# abs community/dwm 
! login and run following as user (must be in sudoers)
# mkdir /home/xbob/proj/dwm
# cp -r /var/abs/community/dwm /home/xbob/proj
# cd /home/xbob/proj/dwm
# makepkg -i


Internet:
--------
# pacman -S firefox
# pacman -S flashplugin  ! not supported by fcking adobe for linux

Google chrome:
-------------
! chrome flash plugin is maintained by google
! packages from AUR
! chown /var/abs/local to build pckgs there
! download and unpack into /abs/local
# cd /var/abs/local/google-chrome/
# makepkg -s
# pacman -U google-chrome....pkg.tar.xz
! install any dependencies (openssl098)



Laptop features:
---------------
# pacman -S acpi acpid

! set brightness at startup:
make setting script: /usr/lib/systemd/scripts/setlight.sh
make service: /usr/lib/systemd/system/setlight.service
# systemctl enable setlight.service

! Fn keys don't work out of the box 
! simulate through acpid
acpid listens to ACPI events and executes script
acpid configuration files:
/etc/acpi/backlight.sh -- script for brightness control
/etc/acpi/events/ac_adapter -- plug/unplug event
/etc/acpi/events/brightness -- Fn brightness keypress event

! KDE screen brightness setting may conflict with systemd/acpid
# systemctl disable setlight.service
! remove plug/unplug event from acpid
